<?xml version="1.0" encoding="UTF-8"?>
<testsuite xmlns:xsi="http://www.w3.org/2001/XMLSchema-instance" xsi:noNamespaceSchemaLocation="https://maven.apache.org/surefire/maven-surefire-plugin/xsd/surefire-test-report.xsd" name="KanbanBoardTest" time="0.879" tests="1" errors="0" skipped="0" failures="1">
  <properties>
    <property name="java.specification.version" value="14"/>
    <property name="sun.cpu.isalist" value="amd64"/>
    <property name="sun.jnu.encoding" value="Cp1252"/>
    <property name="java.class.path" value="D:\Desenvolvimento\Estudo\Java\Workspace\JAVA das Ruas\kanbanboard-test\target\test-classes;D:\Desenvolvimento\Estudo\Java\Workspace\JAVA das Ruas\kanbanboard-test\target\classes;C:\Users\Julio Cesar Mendes\.m2\repository\com\intuit\karate\karate-apache\0.9.5\karate-apache-0.9.5.jar;C:\Users\Julio Cesar Mendes\.m2\repository\com\intuit\karate\karate-core\0.9.5\karate-core-0.9.5.jar;C:\Users\Julio Cesar Mendes\.m2\repository\com\jayway\jsonpath\json-path\2.4.0\json-path-2.4.0.jar;C:\Users\Julio Cesar Mendes\.m2\repository\net\minidev\json-smart\2.3\json-smart-2.3.jar;C:\Users\Julio Cesar Mendes\.m2\repository\net\minidev\accessors-smart\1.2\accessors-smart-1.2.jar;C:\Users\Julio Cesar Mendes\.m2\repository\org\ow2\asm\asm\5.0.4\asm-5.0.4.jar;C:\Users\Julio Cesar Mendes\.m2\repository\info\cukes\cucumber-java\1.2.5\cucumber-java-1.2.5.jar;C:\Users\Julio Cesar Mendes\.m2\repository\info\cukes\cucumber-core\1.2.5\cucumber-core-1.2.5.jar;C:\Users\Julio Cesar Mendes\.m2\repository\org\yaml\snakeyaml\1.24\snakeyaml-1.24.jar;C:\Users\Julio Cesar Mendes\.m2\repository\de\siegmar\fastcsv\1.0.3\fastcsv-1.0.3.jar;C:\Users\Julio Cesar Mendes\.m2\repository\info\picocli\picocli\4.0.3\picocli-4.0.3.jar;C:\Users\Julio Cesar Mendes\.m2\repository\org\apache\httpcomponents\httpclient\4.5.11\httpclient-4.5.11.jar;C:\Users\Julio Cesar Mendes\.m2\repository\org\apache\httpcomponents\httpcore\4.4.13\httpcore-4.4.13.jar;C:\Users\Julio Cesar Mendes\.m2\repository\commons-codec\commons-codec\1.11\commons-codec-1.11.jar;C:\Users\Julio Cesar Mendes\.m2\repository\org\apache\httpcomponents\httpmime\4.5.11\httpmime-4.5.11.jar;C:\Users\Julio Cesar Mendes\.m2\repository\org\slf4j\jcl-over-slf4j\1.7.25\jcl-over-slf4j-1.7.25.jar;C:\Users\Julio Cesar Mendes\.m2\repository\org\slf4j\slf4j-api\1.7.25\slf4j-api-1.7.25.jar;C:\Users\Julio Cesar Mendes\.m2\repository\ch\qos\logback\logback-classic\1.2.3\logback-classic-1.2.3.jar;C:\Users\Julio Cesar Mendes\.m2\repository\ch\qos\logback\logback-core\1.2.3\logback-core-1.2.3.jar;C:\Users\Julio Cesar Mendes\.m2\repository\com\intuit\karate\karate-junit5\0.9.5\karate-junit5-0.9.5.jar;C:\Users\Julio Cesar Mendes\.m2\repository\net\masterthought\cucumber-reporting\5.3.0\cucumber-reporting-5.3.0.jar;C:\Users\Julio Cesar Mendes\.m2\repository\com\fasterxml\jackson\core\jackson-databind\2.10.1\jackson-databind-2.10.1.jar;C:\Users\Julio Cesar Mendes\.m2\repository\com\fasterxml\jackson\core\jackson-annotations\2.10.1\jackson-annotations-2.10.1.jar;C:\Users\Julio Cesar Mendes\.m2\repository\com\fasterxml\jackson\core\jackson-core\2.10.1\jackson-core-2.10.1.jar;C:\Users\Julio Cesar Mendes\.m2\repository\com\fasterxml\jackson\datatype\jackson-datatype-jsr310\2.10.1\jackson-datatype-jsr310-2.10.1.jar;C:\Users\Julio Cesar Mendes\.m2\repository\org\apache\velocity\velocity-engine-core\2.1\velocity-engine-core-2.1.jar;C:\Users\Julio Cesar Mendes\.m2\repository\commons-collections\commons-collections\3.2.2\commons-collections-3.2.2.jar;C:\Users\Julio Cesar Mendes\.m2\repository\joda-time\joda-time\2.10.5\joda-time-2.10.5.jar;C:\Users\Julio Cesar Mendes\.m2\repository\org\apache\commons\commons-lang3\3.9\commons-lang3-3.9.jar;C:\Users\Julio Cesar Mendes\.m2\repository\commons-io\commons-io\2.6\commons-io-2.6.jar;C:\Users\Julio Cesar Mendes\.m2\repository\org\codehaus\plexus\plexus-utils\3.3.0\plexus-utils-3.3.0.jar;C:\Users\Julio Cesar Mendes\.m2\repository\org\jsoup\jsoup\1.12.1\jsoup-1.12.1.jar;C:\Users\Julio Cesar Mendes\.m2\repository\com\googlecode\owasp-java-html-sanitizer\owasp-java-html-sanitizer\20191001.1\owasp-java-html-sanitizer-20191001.1.jar;C:\Users\Julio Cesar Mendes\.m2\repository\com\google\guava\guava\27.1-jre\guava-27.1-jre.jar;C:\Users\Julio Cesar Mendes\.m2\repository\com\google\guava\failureaccess\1.0.1\failureaccess-1.0.1.jar;C:\Users\Julio Cesar Mendes\.m2\repository\com\google\guava\listenablefuture\9999.0-empty-to-avoid-conflict-with-guava\listenablefuture-9999.0-empty-to-avoid-conflict-with-guava.jar;C:\Users\Julio Cesar Mendes\.m2\repository\com\google\code\findbugs\jsr305\3.0.2\jsr305-3.0.2.jar;C:\Users\Julio Cesar Mendes\.m2\repository\org\checkerframework\checker-qual\2.5.2\checker-qual-2.5.2.jar;C:\Users\Julio Cesar Mendes\.m2\repository\com\google\errorprone\error_prone_annotations\2.2.0\error_prone_annotations-2.2.0.jar;C:\Users\Julio Cesar Mendes\.m2\repository\com\google\j2objc\j2objc-annotations\1.1\j2objc-annotations-1.1.jar;C:\Users\Julio Cesar Mendes\.m2\repository\org\codehaus\mojo\animal-sniffer-annotations\1.17\animal-sniffer-annotations-1.17.jar;C:\Users\Julio Cesar Mendes\.m2\repository\commons-configuration\commons-configuration\1.10\commons-configuration-1.10.jar;C:\Users\Julio Cesar Mendes\.m2\repository\commons-lang\commons-lang\2.6\commons-lang-2.6.jar;C:\Users\Julio Cesar Mendes\.m2\repository\commons-logging\commons-logging\1.1.1\commons-logging-1.1.1.jar;C:\Users\Julio Cesar Mendes\.m2\repository\org\junit\jupiter\junit-jupiter-engine\5.3.1\junit-jupiter-engine-5.3.1.jar;C:\Users\Julio Cesar Mendes\.m2\repository\org\apiguardian\apiguardian-api\1.0.0\apiguardian-api-1.0.0.jar;C:\Users\Julio Cesar Mendes\.m2\repository\org\junit\platform\junit-platform-engine\1.3.1\junit-platform-engine-1.3.1.jar;C:\Users\Julio Cesar Mendes\.m2\repository\org\junit\jupiter\junit-jupiter-api\5.3.1\junit-jupiter-api-5.3.1.jar;C:\Users\Julio Cesar Mendes\.m2\repository\org\opentest4j\opentest4j\1.1.1\opentest4j-1.1.1.jar;C:\Users\Julio Cesar Mendes\.m2\repository\org\junit\platform\junit-platform-commons\1.3.1\junit-platform-commons-1.3.1.jar;C:\Users\Julio Cesar Mendes\.m2\repository\org\junit\jupiter\junit-jupiter-params\5.3.1\junit-jupiter-params-5.3.1.jar;"/>
    <property name="java.vm.vendor" value="Oracle Corporation"/>
    <property name="sun.arch.data.model" value="64"/>
    <property name="user.variant" value=""/>
    <property name="java.vendor.url" value="https://java.oracle.com/"/>
    <property name="user.timezone" value="America/Sao_Paulo"/>
    <property name="os.name" value="Windows 10"/>
    <property name="java.vm.specification.version" value="14"/>
    <property name="sun.java.launcher" value="SUN_STANDARD"/>
    <property name="user.country" value="BR"/>
    <property name="sun.boot.library.path" value="C:\Program Files\Java\jdk-14.0.2\bin"/>
    <property name="sun.java.command" value="C:\Users\Julio Cesar Mendes\AppData\Local\Temp\surefire10788397433899149743\surefirebooter5957158808668195228.jar C:\Users\Julio Cesar Mendes\AppData\Local\Temp\surefire10788397433899149743 2020-07-20T23-19-51_182-jvmRun1 surefire13663862848294825673tmp surefire_018128328662874970216tmp"/>
    <property name="jdk.debug" value="release"/>
    <property name="surefire.test.class.path" value="D:\Desenvolvimento\Estudo\Java\Workspace\JAVA das Ruas\kanbanboard-test\target\test-classes;D:\Desenvolvimento\Estudo\Java\Workspace\JAVA das Ruas\kanbanboard-test\target\classes;C:\Users\Julio Cesar Mendes\.m2\repository\com\intuit\karate\karate-apache\0.9.5\karate-apache-0.9.5.jar;C:\Users\Julio Cesar Mendes\.m2\repository\com\intuit\karate\karate-core\0.9.5\karate-core-0.9.5.jar;C:\Users\Julio Cesar Mendes\.m2\repository\com\jayway\jsonpath\json-path\2.4.0\json-path-2.4.0.jar;C:\Users\Julio Cesar Mendes\.m2\repository\net\minidev\json-smart\2.3\json-smart-2.3.jar;C:\Users\Julio Cesar Mendes\.m2\repository\net\minidev\accessors-smart\1.2\accessors-smart-1.2.jar;C:\Users\Julio Cesar Mendes\.m2\repository\org\ow2\asm\asm\5.0.4\asm-5.0.4.jar;C:\Users\Julio Cesar Mendes\.m2\repository\info\cukes\cucumber-java\1.2.5\cucumber-java-1.2.5.jar;C:\Users\Julio Cesar Mendes\.m2\repository\info\cukes\cucumber-core\1.2.5\cucumber-core-1.2.5.jar;C:\Users\Julio Cesar Mendes\.m2\repository\org\yaml\snakeyaml\1.24\snakeyaml-1.24.jar;C:\Users\Julio Cesar Mendes\.m2\repository\de\siegmar\fastcsv\1.0.3\fastcsv-1.0.3.jar;C:\Users\Julio Cesar Mendes\.m2\repository\info\picocli\picocli\4.0.3\picocli-4.0.3.jar;C:\Users\Julio Cesar Mendes\.m2\repository\org\apache\httpcomponents\httpclient\4.5.11\httpclient-4.5.11.jar;C:\Users\Julio Cesar Mendes\.m2\repository\org\apache\httpcomponents\httpcore\4.4.13\httpcore-4.4.13.jar;C:\Users\Julio Cesar Mendes\.m2\repository\commons-codec\commons-codec\1.11\commons-codec-1.11.jar;C:\Users\Julio Cesar Mendes\.m2\repository\org\apache\httpcomponents\httpmime\4.5.11\httpmime-4.5.11.jar;C:\Users\Julio Cesar Mendes\.m2\repository\org\slf4j\jcl-over-slf4j\1.7.25\jcl-over-slf4j-1.7.25.jar;C:\Users\Julio Cesar Mendes\.m2\repository\org\slf4j\slf4j-api\1.7.25\slf4j-api-1.7.25.jar;C:\Users\Julio Cesar Mendes\.m2\repository\ch\qos\logback\logback-classic\1.2.3\logback-classic-1.2.3.jar;C:\Users\Julio Cesar Mendes\.m2\repository\ch\qos\logback\logback-core\1.2.3\logback-core-1.2.3.jar;C:\Users\Julio Cesar Mendes\.m2\repository\com\intuit\karate\karate-junit5\0.9.5\karate-junit5-0.9.5.jar;C:\Users\Julio Cesar Mendes\.m2\repository\net\masterthought\cucumber-reporting\5.3.0\cucumber-reporting-5.3.0.jar;C:\Users\Julio Cesar Mendes\.m2\repository\com\fasterxml\jackson\core\jackson-databind\2.10.1\jackson-databind-2.10.1.jar;C:\Users\Julio Cesar Mendes\.m2\repository\com\fasterxml\jackson\core\jackson-annotations\2.10.1\jackson-annotations-2.10.1.jar;C:\Users\Julio Cesar Mendes\.m2\repository\com\fasterxml\jackson\core\jackson-core\2.10.1\jackson-core-2.10.1.jar;C:\Users\Julio Cesar Mendes\.m2\repository\com\fasterxml\jackson\datatype\jackson-datatype-jsr310\2.10.1\jackson-datatype-jsr310-2.10.1.jar;C:\Users\Julio Cesar Mendes\.m2\repository\org\apache\velocity\velocity-engine-core\2.1\velocity-engine-core-2.1.jar;C:\Users\Julio Cesar Mendes\.m2\repository\commons-collections\commons-collections\3.2.2\commons-collections-3.2.2.jar;C:\Users\Julio Cesar Mendes\.m2\repository\joda-time\joda-time\2.10.5\joda-time-2.10.5.jar;C:\Users\Julio Cesar Mendes\.m2\repository\org\apache\commons\commons-lang3\3.9\commons-lang3-3.9.jar;C:\Users\Julio Cesar Mendes\.m2\repository\commons-io\commons-io\2.6\commons-io-2.6.jar;C:\Users\Julio Cesar Mendes\.m2\repository\org\codehaus\plexus\plexus-utils\3.3.0\plexus-utils-3.3.0.jar;C:\Users\Julio Cesar Mendes\.m2\repository\org\jsoup\jsoup\1.12.1\jsoup-1.12.1.jar;C:\Users\Julio Cesar Mendes\.m2\repository\com\googlecode\owasp-java-html-sanitizer\owasp-java-html-sanitizer\20191001.1\owasp-java-html-sanitizer-20191001.1.jar;C:\Users\Julio Cesar Mendes\.m2\repository\com\google\guava\guava\27.1-jre\guava-27.1-jre.jar;C:\Users\Julio Cesar Mendes\.m2\repository\com\google\guava\failureaccess\1.0.1\failureaccess-1.0.1.jar;C:\Users\Julio Cesar Mendes\.m2\repository\com\google\guava\listenablefuture\9999.0-empty-to-avoid-conflict-with-guava\listenablefuture-9999.0-empty-to-avoid-conflict-with-guava.jar;C:\Users\Julio Cesar Mendes\.m2\repository\com\google\code\findbugs\jsr305\3.0.2\jsr305-3.0.2.jar;C:\Users\Julio Cesar Mendes\.m2\repository\org\checkerframework\checker-qual\2.5.2\checker-qual-2.5.2.jar;C:\Users\Julio Cesar Mendes\.m2\repository\com\google\errorprone\error_prone_annotations\2.2.0\error_prone_annotations-2.2.0.jar;C:\Users\Julio Cesar Mendes\.m2\repository\com\google\j2objc\j2objc-annotations\1.1\j2objc-annotations-1.1.jar;C:\Users\Julio Cesar Mendes\.m2\repository\org\codehaus\mojo\animal-sniffer-annotations\1.17\animal-sniffer-annotations-1.17.jar;C:\Users\Julio Cesar Mendes\.m2\repository\commons-configuration\commons-configuration\1.10\commons-configuration-1.10.jar;C:\Users\Julio Cesar Mendes\.m2\repository\commons-lang\commons-lang\2.6\commons-lang-2.6.jar;C:\Users\Julio Cesar Mendes\.m2\repository\commons-logging\commons-logging\1.1.1\commons-logging-1.1.1.jar;C:\Users\Julio Cesar Mendes\.m2\repository\org\junit\jupiter\junit-jupiter-engine\5.3.1\junit-jupiter-engine-5.3.1.jar;C:\Users\Julio Cesar Mendes\.m2\repository\org\apiguardian\apiguardian-api\1.0.0\apiguardian-api-1.0.0.jar;C:\Users\Julio Cesar Mendes\.m2\repository\org\junit\platform\junit-platform-engine\1.3.1\junit-platform-engine-1.3.1.jar;C:\Users\Julio Cesar Mendes\.m2\repository\org\junit\jupiter\junit-jupiter-api\5.3.1\junit-jupiter-api-5.3.1.jar;C:\Users\Julio Cesar Mendes\.m2\repository\org\opentest4j\opentest4j\1.1.1\opentest4j-1.1.1.jar;C:\Users\Julio Cesar Mendes\.m2\repository\org\junit\platform\junit-platform-commons\1.3.1\junit-platform-commons-1.3.1.jar;C:\Users\Julio Cesar Mendes\.m2\repository\org\junit\jupiter\junit-jupiter-params\5.3.1\junit-jupiter-params-5.3.1.jar;"/>
    <property name="sun.cpu.endian" value="little"/>
    <property name="user.home" value="C:\Users\Julio Cesar Mendes"/>
    <property name="user.language" value="pt"/>
    <property name="java.specification.vendor" value="Oracle Corporation"/>
    <property name="java.version.date" value="2020-07-14"/>
    <property name="java.home" value="C:\Program Files\Java\jdk-14.0.2"/>
    <property name="file.separator" value="\"/>
    <property name="basedir" value="D:\Desenvolvimento\Estudo\Java\Workspace\JAVA das Ruas\kanbanboard-test"/>
    <property name="java.vm.compressedOopsMode" value="Zero based"/>
    <property name="line.separator" value="&#10;"/>
    <property name="java.vm.specification.vendor" value="Oracle Corporation"/>
    <property name="java.specification.name" value="Java Platform API Specification"/>
    <property name="idea.version2020.1.3" value="true"/>
    <property name="surefire.real.class.path" value="C:\Users\Julio Cesar Mendes\AppData\Local\Temp\surefire10788397433899149743\surefirebooter5957158808668195228.jar"/>
    <property name="user.script" value=""/>
    <property name="sun.management.compiler" value="HotSpot 64-Bit Tiered Compilers"/>
    <property name="java.runtime.version" value="14.0.2+12-46"/>
    <property name="user.name" value="Julio Cesar Mendes"/>
    <property name="path.separator" value=";"/>
    <property name="os.version" value="10.0"/>
    <property name="java.runtime.name" value="Java(TM) SE Runtime Environment"/>
    <property name="file.encoding" value="Cp1252"/>
    <property name="java.vm.name" value="Java HotSpot(TM) 64-Bit Server VM"/>
    <property name="localRepository" value="C:\Users\Julio Cesar Mendes\.m2\repository"/>
    <property name="java.vendor.url.bug" value="https://bugreport.java.com/bugreport/"/>
    <property name="java.io.tmpdir" value="C:\Users\Julio Cesar Mendes\AppData\Local\Temp\"/>
    <property name="java.version" value="14.0.2"/>
    <property name="user.dir" value="D:\Desenvolvimento\Estudo\Java\Workspace\JAVA das Ruas\kanbanboard-test"/>
    <property name="os.arch" value="amd64"/>
    <property name="java.vm.specification.name" value="Java Virtual Machine Specification"/>
    <property name="sun.os.patch.level" value=""/>
    <property name="java.library.path" value="C:\Program Files\Java\jdk-14.0.2\bin;C:\WINDOWS\Sun\Java\bin;C:\WINDOWS\system32;C:\WINDOWS;C:\Program Files (x86)\Common Files\Oracle\Java\javapath;C:\ProgramData\DockerDesktop\version-bin;C:\Program Files\Docker\Docker\Resources\bin;C:\Windows\system32;C:\Windows;C:\Windows\System32\Wbem;C:\Windows\System32\WindowsPowerShell\v1.0\;C:\Windows\System32\OpenSSH\;C:\Program Files (x86)\NVIDIA Corporation\PhysX\Common;C:\Program Files\Git\cmd;C:\Program Files\maven\apache-maven-3.6.3\bin;C:\Program Files\nodejs\;C:\Program Files\TortoiseGit\bin;D:\apache-maven-3.6.0;C:\Program Files (x86)\Intel\Intel(R) Management Engine Components\DAL;C:\Program Files\Intel\Intel(R) Management Engine Components\DAL;C:\Program Files\NVIDIA Corporation\NVIDIA NvDLISR;C:\WINDOWS\system32;C:\WINDOWS;C:\WINDOWS\System32\Wbem;C:\WINDOWS\System32\WindowsPowerShell\v1.0\;C:\WINDOWS\System32\OpenSSH\;C:\commons-logging-1.2;C:\Program Files\PuTTY\;C:\Program Files\Amazon\AWSCLI\bin\;C:\Users\Julio Cesar Mendes\AppData\Roaming\Python\Python37\Scripts;C:\Program Files\Java\jdk1.8.0_191\bin;C:\Program Files\MySQL\MySQL Shell 8.0\bin\;C:\Users\Julio Cesar Mendes\AppData\Local\Programs\Python\Python37\Scripts\;C:\Users\Julio Cesar Mendes\AppData\Local\Programs\Python\Python37\;&quot;C:\Users\Julio Cesar Mendes\AppData\Local\Programs\Python\Python38\Scripts\;C:\Python27\Scripts&quot;;&quot;C:\Users\Julio Cesar Mendes\AppData\Local\Programs\Python\Python38\;C:\Python27&quot;;C:\Ruby26-x64\bin;C:\Users\Julio Cesar Mendes\AppData\Local\Microsoft\WindowsApps;C:\Users\Julio Cesar Mendes\AppData\Local\Programs\Microsoft VS Code\bin;C:\Users\Julio Cesar Mendes\AppData\Roaming\npm;C:\Program Files\heroku\bin;C:\Users\Julio Cesar Mendes\AppData\Local\Google\Cloud SDK\google-cloud-sdk\bin;;."/>
    <property name="java.vm.info" value="mixed mode, sharing"/>
    <property name="java.vendor" value="Oracle Corporation"/>
    <property name="java.vm.version" value="14.0.2+12-46"/>
    <property name="sun.io.unicode.encoding" value="UnicodeLittle"/>
    <property name="java.class.version" value="58.0"/>
  </properties>
  <testcase name="testAll[1][1]" classname="KanbanBoardTest" time="0.536">
    <failure message="bucket.feature:20 - status code was: 404, expected: 204, response time: 38, url: http://localhost:8080/http://localhost:8080/v1/buckets, response: {&quot;path&quot;:&quot;/http:/localhost:8080/v1/buckets&quot;,&quot;error&quot;:&quot;Not Found&quot;,&quot;message&quot;:&quot;&quot;,&quot;timestamp&quot;:&quot;2020-07-21T02:19:55.634+00:00&quot;,&quot;status&quot;:404}" type="org.opentest4j.AssertionFailedError">org.opentest4j.AssertionFailedError: bucket.feature:20 - status code was: 404, expected: 204, response time: 38, url: http://localhost:8080/http://localhost:8080/v1/buckets, response: {"path":"/http:/localhost:8080/v1/buckets","error":"Not Found","message":"","timestamp":"2020-07-21T02:19:55.634+00:00","status":404}
</failure>
    <system-out><![CDATA[23:19:55.318 [main] WARN com.intuit.karate - skipping bootstrap configuration: could not find or read file: classpath:karate-config.js
23:19:55.333 [main] DEBUG com.jayway.jsonpath.internal.path.CompiledPath - Evaluating path: $
23:19:55.595 [main] DEBUG org.apache.http.client.protocol.RequestAddCookies - CookieSpec selected: karate
23:19:55.602 [main] DEBUG org.apache.http.client.protocol.RequestAuthCache - Auth cache not set in the context
23:19:55.605 [main] DEBUG com.intuit.karate - request:
1 > POST http://localhost:8080/http://localhost:8080/v1/buckets
1 > Accept-Encoding: gzip,deflate
1 > Connection: Keep-Alive
1 > Content-Length: 72
1 > Content-Type: application/json; charset=UTF-8
1 > Host: localhost:8080
1 > User-Agent: Apache-HttpClient/4.5.11 (Java/14.0.2)
{"id":"673d8b68-caec-11ea-87d0-0242ac130003","position":1,"name":"TODO"}

23:19:55.606 [main] DEBUG org.apache.http.impl.conn.PoolingHttpClientConnectionManager - Connection request: [route: {}->http://localhost:8080][total available: 0; route allocated: 0 of 5; total allocated: 0 of 10]
23:19:55.615 [main] DEBUG org.apache.http.impl.conn.PoolingHttpClientConnectionManager - Connection leased: [id: 0][route: {}->http://localhost:8080][total available: 0; route allocated: 1 of 5; total allocated: 1 of 10]
23:19:55.616 [main] DEBUG org.apache.http.impl.execchain.MainClientExec - Opening connection {}->http://localhost:8080
23:19:55.624 [main] DEBUG org.apache.http.impl.conn.DefaultHttpClientConnectionOperator - Connecting to localhost/127.0.0.1:8080
23:19:55.625 [main] DEBUG org.apache.http.impl.conn.DefaultHttpClientConnectionOperator - Connection established 127.0.0.1:61232<->127.0.0.1:8080
23:19:55.625 [main] DEBUG org.apache.http.impl.conn.DefaultManagedHttpClientConnection - http-outgoing-0: set socket timeout to 30000
23:19:55.625 [main] DEBUG org.apache.http.impl.execchain.MainClientExec - Executing request POST /http:/localhost:8080/v1/buckets HTTP/1.1
23:19:55.626 [main] DEBUG org.apache.http.impl.execchain.MainClientExec - Target auth state: UNCHALLENGED
23:19:55.626 [main] DEBUG org.apache.http.impl.execchain.MainClientExec - Proxy auth state: UNCHALLENGED
23:19:55.628 [main] DEBUG org.apache.http.headers - http-outgoing-0 >> POST /http:/localhost:8080/v1/buckets HTTP/1.1
23:19:55.628 [main] DEBUG org.apache.http.headers - http-outgoing-0 >> Content-Type: application/json; charset=UTF-8
23:19:55.628 [main] DEBUG org.apache.http.headers - http-outgoing-0 >> Content-Length: 72
23:19:55.628 [main] DEBUG org.apache.http.headers - http-outgoing-0 >> Host: localhost:8080
23:19:55.629 [main] DEBUG org.apache.http.headers - http-outgoing-0 >> Connection: Keep-Alive
23:19:55.629 [main] DEBUG org.apache.http.headers - http-outgoing-0 >> User-Agent: Apache-HttpClient/4.5.11 (Java/14.0.2)
23:19:55.629 [main] DEBUG org.apache.http.headers - http-outgoing-0 >> Accept-Encoding: gzip,deflate
23:19:55.629 [main] DEBUG org.apache.http.wire - http-outgoing-0 >> "POST /http:/localhost:8080/v1/buckets HTTP/1.1[\r][\n]"
23:19:55.630 [main] DEBUG org.apache.http.wire - http-outgoing-0 >> "Content-Type: application/json; charset=UTF-8[\r][\n]"
23:19:55.630 [main] DEBUG org.apache.http.wire - http-outgoing-0 >> "Content-Length: 72[\r][\n]"
23:19:55.630 [main] DEBUG org.apache.http.wire - http-outgoing-0 >> "Host: localhost:8080[\r][\n]"
23:19:55.630 [main] DEBUG org.apache.http.wire - http-outgoing-0 >> "Connection: Keep-Alive[\r][\n]"
23:19:55.630 [main] DEBUG org.apache.http.wire - http-outgoing-0 >> "User-Agent: Apache-HttpClient/4.5.11 (Java/14.0.2)[\r][\n]"
23:19:55.630 [main] DEBUG org.apache.http.wire - http-outgoing-0 >> "Accept-Encoding: gzip,deflate[\r][\n]"
23:19:55.630 [main] DEBUG org.apache.http.wire - http-outgoing-0 >> "[\r][\n]"
23:19:55.630 [main] DEBUG org.apache.http.wire - http-outgoing-0 >> "{"id":"673d8b68-caec-11ea-87d0-0242ac130003","position":1,"name":"TODO"}"
23:19:55.636 [main] DEBUG org.apache.http.wire - http-outgoing-0 << "HTTP/1.1 404 [\r][\n]"
23:19:55.637 [main] DEBUG org.apache.http.wire - http-outgoing-0 << "Vary: Origin[\r][\n]"
23:19:55.637 [main] DEBUG org.apache.http.wire - http-outgoing-0 << "Vary: Access-Control-Request-Method[\r][\n]"
23:19:55.637 [main] DEBUG org.apache.http.wire - http-outgoing-0 << "Vary: Access-Control-Request-Headers[\r][\n]"
23:19:55.637 [main] DEBUG org.apache.http.wire - http-outgoing-0 << "Content-Type: application/json[\r][\n]"
23:19:55.637 [main] DEBUG org.apache.http.wire - http-outgoing-0 << "Transfer-Encoding: chunked[\r][\n]"
23:19:55.637 [main] DEBUG org.apache.http.wire - http-outgoing-0 << "Date: Tue, 21 Jul 2020 02:19:55 GMT[\r][\n]"
23:19:55.637 [main] DEBUG org.apache.http.wire - http-outgoing-0 << "Keep-Alive: timeout=60[\r][\n]"
23:19:55.637 [main] DEBUG org.apache.http.wire - http-outgoing-0 << "Connection: keep-alive[\r][\n]"
23:19:55.637 [main] DEBUG org.apache.http.wire - http-outgoing-0 << "[\r][\n]"
23:19:55.637 [main] DEBUG org.apache.http.wire - http-outgoing-0 << "85[\r][\n]"
23:19:55.637 [main] DEBUG org.apache.http.wire - http-outgoing-0 << "{"timestamp":"2020-07-21T02:19:55.634+00:00","status":404,"error":"Not Found","message":"","path":"/http:/localhost:8080/v1/buckets"}[\r][\n]"
23:19:55.639 [main] DEBUG org.apache.http.headers - http-outgoing-0 << HTTP/1.1 404 
23:19:55.639 [main] DEBUG org.apache.http.headers - http-outgoing-0 << Vary: Origin
23:19:55.639 [main] DEBUG org.apache.http.headers - http-outgoing-0 << Vary: Access-Control-Request-Method
23:19:55.639 [main] DEBUG org.apache.http.headers - http-outgoing-0 << Vary: Access-Control-Request-Headers
23:19:55.639 [main] DEBUG org.apache.http.headers - http-outgoing-0 << Content-Type: application/json
23:19:55.639 [main] DEBUG org.apache.http.headers - http-outgoing-0 << Transfer-Encoding: chunked
23:19:55.639 [main] DEBUG org.apache.http.headers - http-outgoing-0 << Date: Tue, 21 Jul 2020 02:19:55 GMT
23:19:55.639 [main] DEBUG org.apache.http.headers - http-outgoing-0 << Keep-Alive: timeout=60
23:19:55.639 [main] DEBUG org.apache.http.headers - http-outgoing-0 << Connection: keep-alive
23:19:55.642 [main] DEBUG org.apache.http.impl.execchain.MainClientExec - Connection can be kept alive for 60000 MILLISECONDS
23:19:55.644 [main] DEBUG org.apache.http.wire - http-outgoing-0 << "0[\r][\n]"
23:19:55.644 [main] DEBUG org.apache.http.wire - http-outgoing-0 << "[\r][\n]"
23:19:55.644 [main] DEBUG org.apache.http.impl.conn.PoolingHttpClientConnectionManager - Connection [id: 0][route: {}->http://localhost:8080] can be kept alive for 60.0 seconds
23:19:55.644 [main] DEBUG org.apache.http.impl.conn.DefaultManagedHttpClientConnection - http-outgoing-0: set socket timeout to 0
23:19:55.644 [main] DEBUG org.apache.http.impl.conn.PoolingHttpClientConnectionManager - Connection released: [id: 0][route: {}->http://localhost:8080][total available: 1; route allocated: 1 of 5; total allocated: 1 of 10]
23:19:55.644 [main] DEBUG com.intuit.karate - response time in milliseconds: 38,34
1 < 404
1 < Connection: keep-alive
1 < Content-Type: application/json
1 < Date: Tue, 21 Jul 2020 02:19:55 GMT
1 < Keep-Alive: timeout=60
1 < Transfer-Encoding: chunked
1 < Vary: [Origin, Access-Control-Request-Method, Access-Control-Request-Headers]
{"timestamp":"2020-07-21T02:19:55.634+00:00","status":404,"error":"Not Found","message":"","path":"/http:/localhost:8080/v1/buckets"}

23:19:55.646 [main] ERROR com.intuit.karate - status code was: 404, expected: 204, response time: 38, url: http://localhost:8080/http://localhost:8080/v1/buckets, response: {"path":"/http:/localhost:8080/v1/buckets","error":"Not Found","message":"","timestamp":"2020-07-21T02:19:55.634+00:00","status":404}
---------------------------------------------------------
feature: classpath:examples/bucket/bucket.feature
scenarios:  1 | passed:  0 | failed:  1 | time: 0,3234
---------------------------------------------------------

HTML report: (paste into browser to view) | Karate version: 0.9.5
file:/D:/Desenvolvimento/Estudo/Java/Workspace/JAVA%20das%20Ruas/kanbanboard-test/target/surefire-reports/examples.bucket.bucket.html
---------------------------------------------------------

]]></system-out>
    <system-err><![CDATA[Warning: Nashorn engine is planned to be removed from a future JDK release
]]></system-err>
  </testcase>
</testsuite>